<?xml version="1.0" encoding="UTF-8"?>
<!-- Generated by org.testng.reporters.JUnitReportReporter -->
<testsuite hostname="Rameshs-MacBook-Pro.local" failures="0" tests="1" name="testCases.TC_001_AccountRegistrationtTest" time="9.411" errors="0" timestamp="2024-07-14T01:08:34 IST" skipped="0">
  <testcase classname="testCases.TC_001_AccountRegistrationtTest" name="test_account_Registration" time="9.411"/>
</testsuite> <!-- testCases.TC_001_AccountRegistrationtTest -->
