<?xml version="1.0" encoding="UTF-8"?>
<!-- Generated by org.testng.reporters.JUnitReportReporter -->
<testsuite hostname="Rameshs-MacBook-Pro.local" failures="0" tests="1" name="testCases.TC_002_LoginTest" time="0.833" errors="0" timestamp="2024-07-14T00:31:49 IST" skipped="0">
  <testcase classname="testCases.TC_002_LoginTest" name="test_Login" time="0.833"/>
</testsuite> <!-- testCases.TC_002_LoginTest -->
